2019-02-23 23:52:33,542 1 DEBUG ? odoo.netsvc: logger level set: "odoo.http.rpc.request:INFO" 
2019-02-23 23:52:33,544 1 DEBUG ? odoo.netsvc: logger level set: "odoo.http.rpc.response:INFO" 
2019-02-23 23:52:33,545 1 DEBUG ? odoo.netsvc: logger level set: ":INFO" 
2019-02-23 23:52:33,546 1 DEBUG ? odoo.netsvc: logger level set: "odoo:DEBUG" 
2019-02-23 23:52:33,546 1 DEBUG ? odoo.netsvc: logger level set: "odoo.sql_db:INFO" 
2019-02-23 23:52:33,547 1 DEBUG ? odoo.netsvc: logger level set: ":INFO" 
2019-02-23 23:52:33,548 1 INFO ? odoo: Odoo version 12.0-20181008 
2019-02-23 23:52:33,549 1 INFO ? odoo: Using configuration file at /etc/odoo/odoo.conf 
2019-02-23 23:52:33,550 1 INFO ? odoo: addons paths: ['/var/lib/odoo/addons/12.0', '/mnt/extra-addons', '/usr/lib/python3/dist-packages/odoo/addons'] 
2019-02-23 23:52:33,552 1 INFO ? odoo: database: odoo@db:5432 
2019-02-23 23:52:33,700 1 INFO ? odoo.addons.base.models.ir_actions_report: Will use the Wkhtmltopdf binary at /usr/local/bin/wkhtmltopdf 
2019-02-23 23:52:33,782 1 DEBUG ? odoo.tools.translate: translation went wrong for "'Selecting the "Warning" option will notify user with the message, Selecting "Blocking Message" will throw an exception with the message and block the flow. The Message has to be written in the next field.'", skipped 
2019-02-23 23:52:33,863 1 DEBUG ? odoo.service.server: Setting signal handlers 
2019-02-23 23:52:33,866 1 INFO ? odoo.service.server: HTTP service (werkzeug) running on 6742071fe3f9:8069 
2019-02-23 23:52:33,868 1 DEBUG ? odoo.service.server: cron0 started! 
2019-02-23 23:52:33,870 1 DEBUG ? odoo.service.server: cron1 started! 
2019-02-23 23:52:46,477 1 DEBUG ? odoo.http: Loading accounting_pdf_reports 
2019-02-23 23:52:46,487 1 DEBUG ? odoo.http: Loading l10n_cn_standard_lastest 
2019-02-23 23:52:46,496 1 DEBUG ? odoo.http: Loading odoo_web_login 
2019-02-23 23:52:46,504 1 DEBUG ? odoo.http: Loading oejia_weshop 
2019-02-23 23:52:46,512 1 DEBUG ? odoo.http: Loading oejia_wx 
2019-02-23 23:52:46,518 1 DEBUG ? odoo.http: Loading account 
2019-02-23 23:52:46,520 1 DEBUG ? odoo.http: Loading account_bank_statement_import 
2019-02-23 23:52:46,522 1 DEBUG ? odoo.http: Loading account_check_printing 
2019-02-23 23:52:46,524 1 DEBUG ? odoo.http: Loading auth_oauth 
2019-02-23 23:52:46,526 1 DEBUG ? odoo.http: Loading auth_password_policy 
2019-02-23 23:52:46,528 1 DEBUG ? odoo.http: Loading auth_password_policy_signup 
2019-02-23 23:52:46,530 1 DEBUG ? odoo.http: Loading auth_signup 
2019-02-23 23:52:46,532 1 DEBUG ? odoo.http: Loading barcodes 
2019-02-23 23:52:46,534 1 DEBUG ? odoo.http: Loading base 
2019-02-23 23:52:46,536 1 DEBUG ? odoo.http: Loading base_import 
2019-02-23 23:52:46,539 1 DEBUG ? odoo.http: Loading board 
2019-02-23 23:52:46,540 1 DEBUG ? odoo.http: Loading bus 
2019-02-23 23:52:46,542 1 DEBUG ? odoo.http: Loading calendar 
2019-02-23 23:52:46,544 1 DEBUG ? odoo.http: Loading contacts 
2019-02-23 23:52:46,545 1 DEBUG ? odoo.http: Loading crm 
2019-02-23 23:52:46,547 1 DEBUG ? odoo.http: Loading digest 
2019-02-23 23:52:46,549 1 DEBUG ? odoo.http: Loading document 
2019-02-23 23:52:46,550 1 DEBUG ? odoo.http: Loading event 
2019-02-23 23:52:46,551 1 DEBUG ? odoo.http: Loading event_sale 
2019-02-23 23:52:46,552 1 DEBUG ? odoo.http: Loading fleet 
2019-02-23 23:52:46,553 1 DEBUG ? odoo.http: Loading gamification 
2019-02-23 23:52:46,555 1 DEBUG ? odoo.http: Loading google_calendar 
2019-02-23 23:52:46,556 1 DEBUG ? odoo.http: Loading google_drive 
2019-02-23 23:52:46,557 1 DEBUG ? odoo.http: Loading google_spreadsheet 
2019-02-23 23:52:46,558 1 DEBUG ? odoo.http: Loading hr 
2019-02-23 23:52:46,559 1 DEBUG ? odoo.http: Loading hr_attendance 
2019-02-23 23:52:46,560 1 DEBUG ? odoo.http: Loading hr_expense 
2019-02-23 23:52:46,561 1 DEBUG ? odoo.http: Loading hr_gamification 
2019-02-23 23:52:46,562 1 DEBUG ? odoo.http: Loading hr_holidays 
2019-02-23 23:52:46,563 1 DEBUG ? odoo.http: Loading hr_org_chart 
2019-02-23 23:52:46,564 1 DEBUG ? odoo.http: Loading hr_payroll 
2019-02-23 23:52:46,566 1 DEBUG ? odoo.http: Loading hr_recruitment 
2019-02-23 23:52:46,567 1 DEBUG ? odoo.http: Loading hr_timesheet 
2019-02-23 23:52:46,568 1 DEBUG ? odoo.http: Loading iap 
2019-02-23 23:52:46,569 1 DEBUG ? odoo.http: Loading im_livechat 
2019-02-23 23:52:46,571 1 DEBUG ? odoo.http: Loading im_support 
2019-02-23 23:52:46,572 1 DEBUG ? odoo.http: Loading l10n_ae 
2019-02-23 23:52:46,573 1 DEBUG ? odoo.http: Loading l10n_ar 
2019-02-23 23:52:46,573 1 DEBUG ? odoo.http: Loading l10n_at 
2019-02-23 23:52:46,575 1 DEBUG ? odoo.http: Loading l10n_au 
2019-02-23 23:52:46,575 1 DEBUG ? odoo.http: Loading l10n_be 
2019-02-23 23:52:46,577 1 DEBUG ? odoo.http: Loading l10n_be_hr_payroll 
2019-02-23 23:52:46,578 1 DEBUG ? odoo.http: Loading l10n_be_hr_payroll_account 
2019-02-23 23:52:46,579 1 DEBUG ? odoo.http: Loading l10n_bo 
2019-02-23 23:52:46,580 1 DEBUG ? odoo.http: Loading l10n_br 
2019-02-23 23:52:46,581 1 DEBUG ? odoo.http: Loading l10n_ca 
2019-02-23 23:52:46,582 1 DEBUG ? odoo.http: Loading l10n_ch 
2019-02-23 23:52:46,584 1 DEBUG ? odoo.http: Loading l10n_cl 
2019-02-23 23:52:46,585 1 DEBUG ? odoo.http: Loading l10n_cn 
2019-02-23 23:52:46,586 1 DEBUG ? odoo.http: Loading l10n_cn_city 
2019-02-23 23:52:46,587 1 DEBUG ? odoo.http: Loading l10n_co 
2019-02-23 23:52:46,588 1 DEBUG ? odoo.http: Loading l10n_cr 
2019-02-23 23:52:46,589 1 DEBUG ? odoo.http: Loading l10n_de 
2019-02-23 23:52:46,590 1 DEBUG ? odoo.http: Loading l10n_do 
2019-02-23 23:52:46,591 1 DEBUG ? odoo.http: Loading l10n_ec 
2019-02-23 23:52:46,592 1 DEBUG ? odoo.http: Loading l10n_es 
2019-02-23 23:52:46,592 1 DEBUG ? odoo.http: Loading l10n_et 
2019-02-23 23:52:46,593 1 DEBUG ? odoo.http: Loading l10n_fr 
2019-02-23 23:52:46,594 1 DEBUG ? odoo.http: Loading l10n_fr_certification 
2019-02-23 23:52:46,595 1 DEBUG ? odoo.http: Loading l10n_fr_pos_cert 
2019-02-23 23:52:46,596 1 DEBUG ? odoo.http: Loading l10n_fr_sale_closing 
2019-02-23 23:52:46,598 1 DEBUG ? odoo.http: Loading l10n_generic_coa 
2019-02-23 23:52:46,599 1 DEBUG ? odoo.http: Loading l10n_gr 
2019-02-23 23:52:46,600 1 DEBUG ? odoo.http: Loading l10n_gt 
2019-02-23 23:52:46,601 1 DEBUG ? odoo.http: Loading l10n_hk 
2019-02-23 23:52:46,602 1 DEBUG ? odoo.http: Loading l10n_hn 
2019-02-23 23:52:46,603 1 DEBUG ? odoo.http: Loading l10n_hr 
2019-02-23 23:52:46,604 1 DEBUG ? odoo.http: Loading l10n_hu 
2019-02-23 23:52:46,605 1 DEBUG ? odoo.http: Loading l10n_in 
2019-02-23 23:52:46,606 1 DEBUG ? odoo.http: Loading l10n_in_hr_payroll 
2019-02-23 23:52:46,607 1 DEBUG ? odoo.http: Loading l10n_in_schedule6 
2019-02-23 23:52:46,608 1 DEBUG ? odoo.http: Loading l10n_it 
2019-02-23 23:52:46,609 1 DEBUG ? odoo.http: Loading l10n_jp 
2019-02-23 23:52:46,610 1 DEBUG ? odoo.http: Loading l10n_lu 
2019-02-23 23:52:46,610 1 DEBUG ? odoo.http: Loading l10n_ma 
2019-02-23 23:52:46,612 1 DEBUG ? odoo.http: Loading l10n_mx 
2019-02-23 23:52:46,613 1 DEBUG ? odoo.http: Loading l10n_nl 
2019-02-23 23:52:46,614 1 DEBUG ? odoo.http: Loading l10n_no 
2019-02-23 23:52:46,615 1 DEBUG ? odoo.http: Loading l10n_nz 
2019-02-23 23:52:46,616 1 DEBUG ? odoo.http: Loading l10n_pa 
2019-02-23 23:52:46,616 1 DEBUG ? odoo.http: Loading l10n_pe 
2019-02-23 23:52:46,617 1 DEBUG ? odoo.http: Loading l10n_pl 
2019-02-23 23:52:46,618 1 DEBUG ? odoo.http: Loading l10n_ro 
2019-02-23 23:52:46,619 1 DEBUG ? odoo.http: Loading l10n_sa 
2019-02-23 23:52:46,619 1 DEBUG ? odoo.http: Loading l10n_sg 
2019-02-23 23:52:46,620 1 DEBUG ? odoo.http: Loading l10n_si 
2019-02-23 23:52:46,621 1 DEBUG ? odoo.http: Loading l10n_th 
2019-02-23 23:52:46,622 1 DEBUG ? odoo.http: Loading l10n_tr 
2019-02-23 23:52:46,623 1 DEBUG ? odoo.http: Loading l10n_uk 
2019-02-23 23:52:46,624 1 DEBUG ? odoo.http: Loading l10n_us 
2019-02-23 23:52:46,625 1 DEBUG ? odoo.http: Loading l10n_uy 
2019-02-23 23:52:46,626 1 DEBUG ? odoo.http: Loading l10n_ve 
2019-02-23 23:52:46,626 1 DEBUG ? odoo.http: Loading l10n_vn 
2019-02-23 23:52:46,628 1 DEBUG ? odoo.http: Loading lunch 
2019-02-23 23:52:46,629 1 DEBUG ? odoo.http: Loading mail 
2019-02-23 23:52:46,629 1 DEBUG ? odoo.http: Loading mail_bot 
2019-02-23 23:52:46,630 1 DEBUG ? odoo.http: Loading maintenance 
2019-02-23 23:52:46,631 1 DEBUG ? odoo.http: Loading mass_mailing 
2019-02-23 23:52:46,632 1 DEBUG ? odoo.http: Loading membership 
2019-02-23 23:52:46,633 1 DEBUG ? odoo.http: Loading mrp 
2019-02-23 23:52:46,634 1 DEBUG ? odoo.http: Loading note 
2019-02-23 23:52:46,635 1 DEBUG ? odoo.http: Loading pad 
2019-02-23 23:52:46,636 1 DEBUG ? odoo.http: Loading partner_autocomplete 
2019-02-23 23:52:46,636 1 DEBUG ? odoo.http: Loading payment 
2019-02-23 23:52:46,637 1 DEBUG ? odoo.http: Loading payment_adyen 
2019-02-23 23:52:46,638 1 DEBUG ? odoo.http: Loading payment_authorize 
2019-02-23 23:52:46,639 1 DEBUG ? odoo.http: Loading payment_buckaroo 
2019-02-23 23:52:46,639 1 DEBUG ? odoo.http: Loading payment_ogone 
2019-02-23 23:52:46,640 1 DEBUG ? odoo.http: Loading payment_paypal 
2019-02-23 23:52:46,641 1 DEBUG ? odoo.http: Loading payment_payumoney 
2019-02-23 23:52:46,641 1 DEBUG ? odoo.http: Loading payment_sips 
2019-02-23 23:52:46,642 1 DEBUG ? odoo.http: Loading payment_stripe 
2019-02-23 23:52:46,643 1 DEBUG ? odoo.http: Loading payment_transfer 
2019-02-23 23:52:46,644 1 DEBUG ? odoo.http: Loading point_of_sale 
2019-02-23 23:52:46,645 1 DEBUG ? odoo.http: Loading portal 
2019-02-23 23:52:46,646 1 DEBUG ? odoo.http: Loading pos_cache 
2019-02-23 23:52:46,646 1 DEBUG ? odoo.http: Loading pos_discount 
2019-02-23 23:52:46,647 1 DEBUG ? odoo.http: Loading pos_mercury 
2019-02-23 23:52:46,648 1 DEBUG ? odoo.http: Loading pos_reprint 
2019-02-23 23:52:46,649 1 DEBUG ? odoo.http: Loading pos_restaurant 
2019-02-23 23:52:46,650 1 DEBUG ? odoo.http: Loading product 
2019-02-23 23:52:46,650 1 DEBUG ? odoo.http: Loading product_email_template 
2019-02-23 23:52:46,651 1 DEBUG ? odoo.http: Loading product_expiry 
2019-02-23 23:52:46,652 1 DEBUG ? odoo.http: Loading project 
2019-02-23 23:52:46,653 1 DEBUG ? odoo.http: Loading purchase 
2019-02-23 23:52:46,653 1 DEBUG ? odoo.http: Loading rating 
2019-02-23 23:52:46,654 1 DEBUG ? odoo.http: Loading repair 
2019-02-23 23:52:46,655 1 DEBUG ? odoo.http: Loading sale 
2019-02-23 23:52:46,656 1 DEBUG ? odoo.http: Loading sale_management 
2019-02-23 23:52:46,657 1 DEBUG ? odoo.http: Loading sale_stock 
2019-02-23 23:52:46,658 1 DEBUG ? odoo.http: Loading sale_timesheet 
2019-02-23 23:52:46,659 1 DEBUG ? odoo.http: Loading sales_team 
2019-02-23 23:52:46,660 1 DEBUG ? odoo.http: Loading sms 
2019-02-23 23:52:46,660 1 DEBUG ? odoo.http: Loading snailmail 
2019-02-23 23:52:46,663 1 DEBUG ? odoo.http: Loading stock 
2019-02-23 23:52:46,664 1 DEBUG ? odoo.http: Loading survey 
2019-02-23 23:52:46,666 1 DEBUG ? odoo.http: Loading test_assetsbundle 
2019-02-23 23:52:46,668 1 DEBUG ? odoo.http: Loading test_exceptions 
2019-02-23 23:52:46,670 1 DEBUG ? odoo.http: Loading test_main_flows 
2019-02-23 23:52:46,671 1 DEBUG ? odoo.http: Loading test_new_api 
2019-02-23 23:52:46,673 1 DEBUG ? odoo.http: Loading theme_bootswatch 
2019-02-23 23:52:46,674 1 DEBUG ? odoo.http: Loading theme_default 
2019-02-23 23:52:46,675 1 DEBUG ? odoo.http: Loading transifex 
2019-02-23 23:52:46,677 1 DEBUG ? odoo.http: Loading utm 
2019-02-23 23:52:46,678 1 DEBUG ? odoo.http: Loading web 
2019-02-23 23:52:46,680 1 DEBUG ? odoo.http: Loading web_diagram 
2019-02-23 23:52:46,682 1 DEBUG ? odoo.http: Loading web_editor 
2019-02-23 23:52:46,683 1 DEBUG ? odoo.http: Loading web_kanban_gauge 
2019-02-23 23:52:46,684 1 DEBUG ? odoo.http: Loading web_settings_dashboard 
2019-02-23 23:52:46,686 1 DEBUG ? odoo.http: Loading web_tour 
2019-02-23 23:52:46,688 1 DEBUG ? odoo.http: Loading web_unsplash 
2019-02-23 23:52:46,690 1 DEBUG ? odoo.http: Loading website 
2019-02-23 23:52:46,691 1 DEBUG ? odoo.http: Loading website_blog 
2019-02-23 23:52:46,693 1 DEBUG ? odoo.http: Loading website_crm 
2019-02-23 23:52:46,694 1 DEBUG ? odoo.http: Loading website_crm_partner_assign 
2019-02-23 23:52:46,696 1 DEBUG ? odoo.http: Loading website_customer 
2019-02-23 23:52:46,697 1 DEBUG ? odoo.http: Loading website_event 
2019-02-23 23:52:46,698 1 DEBUG ? odoo.http: Loading website_event_questions 
2019-02-23 23:52:46,700 1 DEBUG ? odoo.http: Loading website_event_sale 
2019-02-23 23:52:46,701 1 DEBUG ? odoo.http: Loading website_event_track 
2019-02-23 23:52:46,703 1 DEBUG ? odoo.http: Loading website_form 
2019-02-23 23:52:46,704 1 DEBUG ? odoo.http: Loading website_form_project 
2019-02-23 23:52:46,705 1 DEBUG ? odoo.http: Loading website_forum 
2019-02-23 23:52:46,706 1 DEBUG ? odoo.http: Loading website_gengo 
2019-02-23 23:52:46,708 1 DEBUG ? odoo.http: Loading website_google_map 
2019-02-23 23:52:46,709 1 DEBUG ? odoo.http: Loading website_hr 
2019-02-23 23:52:46,709 1 DEBUG ? odoo.http: Loading website_hr_recruitment 
2019-02-23 23:52:46,710 1 DEBUG ? odoo.http: Loading website_links 
2019-02-23 23:52:46,712 1 DEBUG ? odoo.http: Loading website_livechat 
2019-02-23 23:52:46,713 1 DEBUG ? odoo.http: Loading website_mail 
2019-02-23 23:52:46,714 1 DEBUG ? odoo.http: Loading website_mail_channel 
2019-02-23 23:52:46,715 1 DEBUG ? odoo.http: Loading website_mass_mailing 
2019-02-23 23:52:46,716 1 DEBUG ? odoo.http: Loading website_membership 
2019-02-23 23:52:46,717 1 DEBUG ? odoo.http: Loading website_partner 
2019-02-23 23:52:46,719 1 DEBUG ? odoo.http: Loading website_payment 
2019-02-23 23:52:46,719 1 DEBUG ? odoo.http: Loading website_rating 
2019-02-23 23:52:46,720 1 DEBUG ? odoo.http: Loading website_sale 
2019-02-23 23:52:46,721 1 DEBUG ? odoo.http: Loading website_sale_comparison 
2019-02-23 23:52:46,722 1 DEBUG ? odoo.http: Loading website_sale_delivery 
2019-02-23 23:52:46,724 1 DEBUG ? odoo.http: Loading website_sale_digital 
2019-02-23 23:52:46,725 1 DEBUG ? odoo.http: Loading website_sale_link_tracker 
2019-02-23 23:52:46,726 1 DEBUG ? odoo.http: Loading website_sale_management 
2019-02-23 23:52:46,727 1 DEBUG ? odoo.http: Loading website_sale_stock 
2019-02-23 23:52:46,728 1 DEBUG ? odoo.http: Loading website_sale_wishlist 
2019-02-23 23:52:46,729 1 DEBUG ? odoo.http: Loading website_slides 
2019-02-23 23:52:46,731 1 DEBUG ? odoo.http: Loading website_theme_install 
2019-02-23 23:52:46,732 1 DEBUG ? odoo.http: Loading website_twitter 
2019-02-23 23:52:46,733 1 INFO ? odoo.http: HTTP Configuring static files 
2019-02-23 23:52:46,742 1 DEBUG ? odoo.http: HTTP sessions stored in: /var/lib/odoo/sessions 
2019-02-23 23:52:46,764 1 DEBUG test odoo.modules.registry: Multiprocess load registry signaling: [Registry: 13] [Cache: 36] 
2019-02-23 23:52:46,772 1 INFO test odoo.modules.loading: loading 1 modules... 
2019-02-23 23:52:46,773 1 DEBUG test odoo.modules.loading: loading module base (1/1) 
2019-02-23 23:52:46,790 1 INFO test odoo.modules.loading: 1 modules loaded in 0.02s, 0 queries 
2019-02-23 23:52:46,883 1 DEBUG test odoo.modules.loading: Updating graph with 46 more modules 
2019-02-23 23:52:46,885 1 INFO test odoo.modules.loading: loading 47 modules... 
2019-02-23 23:52:46,887 1 DEBUG test odoo.modules.loading: loading module odoo_web_login (2/47) 
2019-02-23 23:52:46,912 1 DEBUG test odoo.modules.loading: loading module decimal_precision (3/47) 
2019-02-23 23:52:46,917 1 DEBUG test odoo.modules.loading: loading module uom (4/47) 
2019-02-23 23:52:46,921 1 DEBUG test odoo.modules.loading: loading module web (5/47) 
2019-02-23 23:52:46,929 1 DEBUG test odoo.modules.loading: loading module base_import (6/47) 
2019-02-23 23:52:46,946 1 DEBUG test odoo.modules.loading: loading module base_setup (7/47) 
2019-02-23 23:52:46,953 1 DEBUG test odoo.modules.loading: loading module bus (8/47) 
2019-02-23 23:52:46,959 1 DEBUG test odoo.modules.loading: loading module http_routing (9/47) 
2019-02-23 23:52:46,968 1 DEBUG test odoo.modules.loading: loading module web_diagram (10/47) 
2019-02-23 23:52:46,973 1 DEBUG test odoo.modules.loading: loading module web_editor (11/47) 
2019-02-23 23:52:46,987 1 DEBUG test odoo.modules.loading: loading module web_kanban_gauge (12/47) 
2019-02-23 23:52:46,991 1 DEBUG test odoo.modules.loading: loading module web_settings_dashboard (13/47) 
2019-02-23 23:52:46,997 1 DEBUG test odoo.modules.loading: loading module web_tour (14/47) 
2019-02-23 23:52:47,002 1 DEBUG test odoo.modules.loading: loading module iap (15/47) 
2019-02-23 23:52:47,008 1 DEBUG test odoo.modules.loading: loading module mail (16/47) 
2019-02-23 23:52:47,047 1 DEBUG test odoo.modules.loading: loading module web_unsplash (17/47) 
2019-02-23 23:52:47,053 1 DEBUG test odoo.modules.loading: loading module analytic (18/47) 
2019-02-23 23:52:47,059 1 DEBUG test odoo.modules.loading: loading module auth_signup (19/47) 
2019-02-23 23:52:47,068 1 DEBUG test odoo.modules.loading: loading module fetchmail (20/47) 
2019-02-23 23:52:47,079 1 DEBUG test odoo.modules.loading: loading module mail_bot (21/47) 
2019-02-23 23:52:47,088 1 DEBUG test odoo.modules.loading: loading module partner_autocomplete (22/47) 
2019-02-23 23:52:47,096 1 DEBUG test odoo.modules.loading: loading module portal (23/47) 
2019-02-23 23:52:47,108 1 DEBUG test odoo.modules.loading: loading module product (24/47) 
2019-02-23 23:52:47,130 1 DEBUG test odoo.modules.loading: loading module rating (25/47) 
2019-02-23 23:52:47,141 1 DEBUG test odoo.modules.loading: loading module sales_team (26/47) 
2019-02-23 23:52:47,150 1 DEBUG test odoo.modules.loading: loading module sms (27/47) 
2019-02-23 23:52:47,156 1 INFO test odoo.addons.sms.wizard.send_sms: The `phonenumbers` Python module is not available. Phone number validation will be skipped. Try `pip3 install phonenumbers` to install it. 
2019-02-23 23:52:47,160 1 DEBUG test odoo.modules.loading: loading module snailmail (28/47) 
2019-02-23 23:52:47,170 1 DEBUG test odoo.modules.loading: loading module auth_oauth (29/47) 
2019-02-23 23:52:47,179 1 DEBUG test odoo.modules.loading: loading module digest (30/47) 
2019-02-23 23:52:47,190 1 DEBUG test odoo.modules.loading: loading module im_livechat (31/47) 
2019-02-23 23:52:47,202 1 DEBUG test odoo.modules.loading: loading module account (32/47) 
2019-02-23 23:52:47,312 1 DEBUG test odoo.modules.loading: loading module oejia_wx (33/47) 
2019-02-23 23:52:47,522 1 WARNING test odoo.models: The model wx.menu.item.base has no _description 
2019-02-23 23:52:47,528 1 DEBUG test odoo.modules.loading: loading module weodoo (34/47) 
2019-02-23 23:52:47,601 1 DEBUG test odoo.modules.loading: loading module account_bank_statement_import (35/47) 
2019-02-23 23:52:47,608 1 DEBUG test odoo.modules.loading: loading module account_facturx (36/47) 
2019-02-23 23:52:47,612 1 DEBUG test odoo.modules.loading: loading module accounting_pdf_reports (37/47) 
2019-02-23 23:52:47,714 1 WARNING test odoo.models: The model report.accounting_pdf_reports.report_partnerledger has no _description 
2019-02-23 23:52:47,715 1 WARNING test odoo.models: The model report.accounting_pdf_reports.report_generalledger has no _description 
2019-02-23 23:52:47,716 1 WARNING test odoo.models: The model report.accounting_pdf_reports.report_trialbalance has no _description 
2019-02-23 23:52:47,717 1 WARNING test odoo.models: The model report.accounting_pdf_reports.report_tax has no _description 
2019-02-23 23:52:47,717 1 WARNING test odoo.models: The model report.accounting_pdf_reports.report_agedpartnerbalance has no _description 
2019-02-23 23:52:47,718 1 WARNING test odoo.models: The model report.accounting_pdf_reports.report_journal has no _description 
2019-02-23 23:52:47,719 1 WARNING test odoo.models: The model report.accounting_pdf_reports.report_financial has no _description 
2019-02-23 23:52:47,719 1 DEBUG test odoo.modules.loading: loading module l10n_jp (38/47) 
2019-02-23 23:52:47,722 1 DEBUG test odoo.modules.loading: loading module l10n_multilang (39/47) 
2019-02-23 23:52:47,728 1 DEBUG test odoo.modules.loading: loading module payment (40/47) 
2019-02-23 23:52:47,732 1 DEBUG test odoo.modules.loading: loading module snailmail_account (41/47) 
2019-02-23 23:52:47,739 1 DEBUG test odoo.modules.loading: loading module l10n_cn (42/47) 
2019-02-23 23:52:47,742 1 DEBUG test odoo.modules.loading: loading module payment_transfer (43/47) 
2019-02-23 23:52:47,747 1 DEBUG test odoo.modules.loading: loading module sale (44/47) 
2019-02-23 23:52:47,772 1 DEBUG test odoo.modules.loading: loading module l10n_cn_small_business (45/47) 
2019-02-23 23:52:47,777 1 DEBUG test odoo.modules.loading: loading module l10n_cn_standard_lastest (46/47) 
2019-02-23 23:52:47,814 1 DEBUG test odoo.modules.loading: loading module oejia_weshop (47/47) 
2019-02-23 23:52:48,260 1 INFO test odoo.modules.loading: 47 modules loaded in 1.37s, 0 queries 
2019-02-23 23:52:48,839 1 INFO test odoo.modules.loading: Modules loaded. 
2019-02-23 23:52:48,843 1 INFO test odoo.addons.oejia_weshop.models.oe_district: >>> registry hook... 
2019-02-23 23:52:48,848 1 DEBUG test odoo.modules.registry: Multiprocess signaling check: [Registry - 13 -> 13] [Cache - 36 -> 36] 
2019-02-23 23:52:48,850 1 INFO test odoo.addons.base.models.ir_http: Generating routing map 
2019-02-23 23:52:49,731 1 ERROR test odoo.addons.oejia_wx.controllers.client: 初始化微信客户端token失败，请在微信对接配置中填写好相关信息！ 
2019-02-23 23:52:49,760 1 INFO test odoo.addons.oejia_wx.rpc.corp_client: Create crypto:    
2019-02-23 23:52:49,761 1 ERROR test odoo.addons.oejia_wx.rpc.corp_client: 初始化企业微信客户端实例失败，请在微信对接配置中填写好相关信息！ 
2019-02-23 23:52:49,773 1 INFO test odoo.addons.oejia_wx.rpc.app_client: Create crypto: False False  
2019-02-23 23:52:49,774 1 ERROR test odoo.addons.oejia_wx.rpc.app_client: 初始化微信客户端实例失败，请在微信对接配置中填写好相关信息！ 
2019-02-23 23:52:49,828 1 INFO ? odoo.addons.bus.models.bus: Bus.loop listen imbus on db postgres 
2019-02-23 23:53:33,856 1 DEBUG ? odoo.service.server: cron0 polling for jobs 
2019-02-23 23:53:34,862 1 DEBUG ? odoo.service.server: cron1 polling for jobs 
2019-02-23 23:53:39,835 1 INFO test werkzeug: 172.20.0.5 - - [23/Feb/2019 23:53:39] "POST /longpolling/poll HTTP/1.0" 200 - 61 0.059 53.034
2019-02-23 23:53:39,849 1 DEBUG test odoo.modules.registry: Multiprocess signaling check: [Registry - 13 -> 13] [Cache - 36 -> 36] 
